<?xml version="1.0" encoding="UTF-8"?>
<!-- Generated by org.testng.reporters.JUnitReportReporter -->
<testsuite hostname="CROSS" failures="0" tests="1" name="day5.paginatonTabel" time="11.619" errors="0" timestamp="2025-04-07T17:26:10 IST" skipped="0">
  <testcase classname="day5.paginatonTabel" name="mass" time="11.619"/>
</testsuite> <!-- day5.paginatonTabel -->
