<?xml version="1.0" encoding="UTF-8"?>
<!-- Generated by org.testng.reporters.JUnitReportReporter -->
<testsuite hostname="CROSS" failures="0" tests="3" name="Day8.dataProvider" time="2.722" errors="0" timestamp="2025-04-15T21:10:09 IST" skipped="0">
  <testcase classname="Day8.dataProvider" name="test" time="0.831"/>
  <testcase classname="Day8.dataProvider" name="test" time="1.103"/>
  <testcase classname="Day8.dataProvider" name="test" time="0.788"/>
</testsuite> <!-- Day8.dataProvider -->
