<?xml version="1.0" encoding="UTF-8"?>
<!-- Generated by org.testng.reporters.JUnitReportReporter -->
<testsuite hostname="CROSS" failures="0" tests="1" name="day5.paginatonTabel" time="7.310" errors="0" timestamp="2025-05-20T20:01:06 IST" skipped="0">
  <testcase classname="day5.paginatonTabel" name="mass" time="7.310"/>
</testsuite> <!-- day5.paginatonTabel -->
